D:\USERS\ACER\DOCUMENTS\VISUAL STUDIO 2010\PROJECTS\AEROPANEL2\AEROPANEL\RELEASE\AEROPANEL.OBJ
D:\USERS\ACER\DOCUMENTS\VISUAL STUDIO 2010\PROJECTS\AEROPANEL2\AEROPANEL\RELEASE\AEROPANEL.RES
D:\USERS\ACER\DOCUMENTS\VISUAL STUDIO 2010\PROJECTS\AEROPANEL2\AEROPANEL\RELEASE\AEROPANEL2.EXE.INTERMEDIATE.MANIFEST
D:\USERS\ACER\DOCUMENTS\VISUAL STUDIO 2010\PROJECTS\AEROPANEL2\AEROPANEL\RELEASE\AEROPANEL2.PCH
D:\USERS\ACER\DOCUMENTS\VISUAL STUDIO 2010\PROJECTS\AEROPANEL2\AEROPANEL\RELEASE\AEROPANELDLG.OBJ
D:\Users\acer\Documents\Visual Studio 2010\Projects\AeroPanel2\AeroPanel\Release\cl.command.1.tlog
D:\Users\acer\Documents\Visual Studio 2010\Projects\AeroPanel2\AeroPanel\Release\CL.read.1.tlog
D:\Users\acer\Documents\Visual Studio 2010\Projects\AeroPanel2\AeroPanel\Release\CL.write.1.tlog
D:\Users\acer\Documents\Visual Studio 2010\Projects\AeroPanel2\AeroPanel\Release\link.command.1.tlog
D:\Users\acer\Documents\Visual Studio 2010\Projects\AeroPanel2\AeroPanel\Release\link.read.1.tlog
D:\Users\acer\Documents\Visual Studio 2010\Projects\AeroPanel2\AeroPanel\Release\link.write.1.tlog
D:\Users\acer\Documents\Visual Studio 2010\Projects\AeroPanel2\AeroPanel\Release\link-cvtres.read.1.tlog
D:\Users\acer\Documents\Visual Studio 2010\Projects\AeroPanel2\AeroPanel\Release\link-cvtres.write.1.tlog
D:\Users\acer\Documents\Visual Studio 2010\Projects\AeroPanel2\AeroPanel\Release\mt.command.1.tlog
D:\Users\acer\Documents\Visual Studio 2010\Projects\AeroPanel2\AeroPanel\Release\mt.read.1.tlog
D:\Users\acer\Documents\Visual Studio 2010\Projects\AeroPanel2\AeroPanel\Release\mt.write.1.tlog
D:\Users\acer\Documents\Visual Studio 2010\Projects\AeroPanel2\AeroPanel\Release\rc.command.1.tlog
D:\Users\acer\Documents\Visual Studio 2010\Projects\AeroPanel2\AeroPanel\Release\rc.read.1.tlog
D:\Users\acer\Documents\Visual Studio 2010\Projects\AeroPanel2\AeroPanel\Release\rc.write.1.tlog
D:\USERS\ACER\DOCUMENTS\VISUAL STUDIO 2010\PROJECTS\AEROPANEL2\AEROPANEL\RELEASE\STDAFX.OBJ
D:\USERS\ACER\DOCUMENTS\VISUAL STUDIO 2010\PROJECTS\AEROPANEL2\AEROPANEL\RELEASE\VC100.PDB
D:\USERS\ACER\DOCUMENTS\VISUAL STUDIO 2010\PROJECTS\AEROPANEL2\RELEASE\AEROPANEL2.EXE
D:\USERS\ACER\DOCUMENTS\VISUAL STUDIO 2010\PROJECTS\AEROPANEL2\RELEASE\AEROPANEL2.PDB
