D:\USERS\PC\DOCUMENTS\VISUAL STUDIO 2010\PROJECTS\AEROPANEL3\AEROPANEL\DEBUG\AEROPANEL.OBJ
D:\USERS\PC\DOCUMENTS\VISUAL STUDIO 2010\PROJECTS\AEROPANEL3\AEROPANEL\DEBUG\AEROPANEL.RES
D:\Users\pc\Documents\Visual Studio 2010\Projects\AeroPanel3\AeroPanel\Debug\AeroPanel.vcxprojResolveAssemblyReference.cache
D:\USERS\PC\DOCUMENTS\VISUAL STUDIO 2010\PROJECTS\AEROPANEL3\AEROPANEL\DEBUG\AEROPANEL2.EXE.EMBED.MANIFEST
D:\USERS\PC\DOCUMENTS\VISUAL STUDIO 2010\PROJECTS\AEROPANEL3\AEROPANEL\DEBUG\AEROPANEL2.EXE.EMBED.MANIFEST.RES
D:\USERS\PC\DOCUMENTS\VISUAL STUDIO 2010\PROJECTS\AEROPANEL3\AEROPANEL\DEBUG\AEROPANEL2.EXE.INTERMEDIATE.MANIFEST
D:\USERS\PC\DOCUMENTS\VISUAL STUDIO 2010\PROJECTS\AEROPANEL3\AEROPANEL\DEBUG\AEROPANEL2.PCH
D:\Users\pc\Documents\Visual Studio 2010\Projects\AeroPanel3\AeroPanel\Debug\AeroPanel2.write.1.tlog
D:\Users\pc\Documents\Visual Studio 2010\Projects\AeroPanel3\AeroPanel\Debug\AeroPanel2_manifest.rc
D:\USERS\PC\DOCUMENTS\VISUAL STUDIO 2010\PROJECTS\AEROPANEL3\AEROPANEL\DEBUG\AEROPANELDLG.OBJ
D:\Users\pc\Documents\Visual Studio 2010\Projects\AeroPanel3\AeroPanel\Debug\cl.command.1.tlog
D:\Users\pc\Documents\Visual Studio 2010\Projects\AeroPanel3\AeroPanel\Debug\CL.read.1.tlog
D:\Users\pc\Documents\Visual Studio 2010\Projects\AeroPanel3\AeroPanel\Debug\CL.write.1.tlog
D:\Users\pc\Documents\Visual Studio 2010\Projects\AeroPanel3\AeroPanel\Debug\link.7356.read.1.tlog
D:\Users\pc\Documents\Visual Studio 2010\Projects\AeroPanel3\AeroPanel\Debug\link.7356.write.1.tlog
D:\Users\pc\Documents\Visual Studio 2010\Projects\AeroPanel3\AeroPanel\Debug\link.7356-cvtres.read.1.tlog
D:\Users\pc\Documents\Visual Studio 2010\Projects\AeroPanel3\AeroPanel\Debug\link.7356-cvtres.write.1.tlog
D:\Users\pc\Documents\Visual Studio 2010\Projects\AeroPanel3\AeroPanel\Debug\link.command.1.tlog
D:\Users\pc\Documents\Visual Studio 2010\Projects\AeroPanel3\AeroPanel\Debug\link.read.1.tlog
D:\Users\pc\Documents\Visual Studio 2010\Projects\AeroPanel3\AeroPanel\Debug\link.write.1.tlog
D:\Users\pc\Documents\Visual Studio 2010\Projects\AeroPanel3\AeroPanel\Debug\link-cvtres.read.1.tlog
D:\Users\pc\Documents\Visual Studio 2010\Projects\AeroPanel3\AeroPanel\Debug\link-cvtres.write.1.tlog
D:\Users\pc\Documents\Visual Studio 2010\Projects\AeroPanel3\AeroPanel\Debug\mt.command.1.tlog
D:\Users\pc\Documents\Visual Studio 2010\Projects\AeroPanel3\AeroPanel\Debug\mt.read.1.tlog
D:\Users\pc\Documents\Visual Studio 2010\Projects\AeroPanel3\AeroPanel\Debug\mt.write.1.tlog
D:\Users\pc\Documents\Visual Studio 2010\Projects\AeroPanel3\AeroPanel\Debug\rc.command.1.tlog
D:\Users\pc\Documents\Visual Studio 2010\Projects\AeroPanel3\AeroPanel\Debug\rc.read.1.tlog
D:\Users\pc\Documents\Visual Studio 2010\Projects\AeroPanel3\AeroPanel\Debug\rc.write.1.tlog
D:\USERS\PC\DOCUMENTS\VISUAL STUDIO 2010\PROJECTS\AEROPANEL3\AEROPANEL\DEBUG\STDAFX.OBJ
D:\Users\pc\Documents\Visual Studio 2010\Projects\AeroPanel3\AeroPanel\Debug\vc100.idb
D:\USERS\PC\DOCUMENTS\VISUAL STUDIO 2010\PROJECTS\AEROPANEL3\AEROPANEL\DEBUG\VC100.PDB
D:\USERS\PC\DOCUMENTS\VISUAL STUDIO 2010\PROJECTS\AEROPANEL3\DEBUG\AEROPANEL2.EXE
D:\USERS\PC\DOCUMENTS\VISUAL STUDIO 2010\PROJECTS\AEROPANEL3\DEBUG\AEROPANEL2.ILK
D:\USERS\PC\DOCUMENTS\VISUAL STUDIO 2010\PROJECTS\AEROPANEL3\DEBUG\AEROPANEL2.PDB
