D:\USERS\ACER\DOCUMENTS\VISUAL STUDIO 2010\PROJECTS\AEROPANEL\AEROPANEL\DEBUG\AEROPANEL.EXE.EMBED.MANIFEST
D:\USERS\ACER\DOCUMENTS\VISUAL STUDIO 2010\PROJECTS\AEROPANEL\AEROPANEL\DEBUG\AEROPANEL.EXE.EMBED.MANIFEST.RES
D:\USERS\ACER\DOCUMENTS\VISUAL STUDIO 2010\PROJECTS\AEROPANEL\AEROPANEL\DEBUG\AEROPANEL.EXE.INTERMEDIATE.MANIFEST
D:\USERS\ACER\DOCUMENTS\VISUAL STUDIO 2010\PROJECTS\AEROPANEL\AEROPANEL\DEBUG\AEROPANEL.OBJ
D:\USERS\ACER\DOCUMENTS\VISUAL STUDIO 2010\PROJECTS\AEROPANEL\AEROPANEL\DEBUG\AEROPANEL.PCH
D:\USERS\ACER\DOCUMENTS\VISUAL STUDIO 2010\PROJECTS\AEROPANEL\AEROPANEL\DEBUG\AEROPANEL.RES
D:\Users\acer\Documents\Visual Studio 2010\Projects\AeroPanel\AeroPanel\Debug\AeroPanel_manifest.rc
D:\USERS\ACER\DOCUMENTS\VISUAL STUDIO 2010\PROJECTS\AEROPANEL\AEROPANEL\DEBUG\AEROPANELDLG.OBJ
D:\Users\acer\Documents\Visual Studio 2010\Projects\AeroPanel\AeroPanel\Debug\cl.command.1.tlog
D:\Users\acer\Documents\Visual Studio 2010\Projects\AeroPanel\AeroPanel\Debug\CL.read.1.tlog
D:\Users\acer\Documents\Visual Studio 2010\Projects\AeroPanel\AeroPanel\Debug\CL.write.1.tlog
D:\Users\acer\Documents\Visual Studio 2010\Projects\AeroPanel\AeroPanel\Debug\link.29176.read.1.tlog
D:\Users\acer\Documents\Visual Studio 2010\Projects\AeroPanel\AeroPanel\Debug\link.29176.write.1.tlog
D:\Users\acer\Documents\Visual Studio 2010\Projects\AeroPanel\AeroPanel\Debug\link.29176-cvtres.read.1.tlog
D:\Users\acer\Documents\Visual Studio 2010\Projects\AeroPanel\AeroPanel\Debug\link.29176-cvtres.write.1.tlog
D:\Users\acer\Documents\Visual Studio 2010\Projects\AeroPanel\AeroPanel\Debug\link.29580.read.1.tlog
D:\Users\acer\Documents\Visual Studio 2010\Projects\AeroPanel\AeroPanel\Debug\link.29580.write.1.tlog
D:\Users\acer\Documents\Visual Studio 2010\Projects\AeroPanel\AeroPanel\Debug\link.29580-cvtres.read.1.tlog
D:\Users\acer\Documents\Visual Studio 2010\Projects\AeroPanel\AeroPanel\Debug\link.29580-cvtres.write.1.tlog
D:\Users\acer\Documents\Visual Studio 2010\Projects\AeroPanel\AeroPanel\Debug\link.command.1.tlog
D:\Users\acer\Documents\Visual Studio 2010\Projects\AeroPanel\AeroPanel\Debug\link.read.1.tlog
D:\Users\acer\Documents\Visual Studio 2010\Projects\AeroPanel\AeroPanel\Debug\link.write.1.tlog
D:\Users\acer\Documents\Visual Studio 2010\Projects\AeroPanel\AeroPanel\Debug\link-cvtres.read.1.tlog
D:\Users\acer\Documents\Visual Studio 2010\Projects\AeroPanel\AeroPanel\Debug\link-cvtres.write.1.tlog
D:\Users\acer\Documents\Visual Studio 2010\Projects\AeroPanel\AeroPanel\Debug\mt.command.1.tlog
D:\Users\acer\Documents\Visual Studio 2010\Projects\AeroPanel\AeroPanel\Debug\mt.read.1.tlog
D:\Users\acer\Documents\Visual Studio 2010\Projects\AeroPanel\AeroPanel\Debug\mt.write.1.tlog
D:\Users\acer\Documents\Visual Studio 2010\Projects\AeroPanel\AeroPanel\Debug\rc.command.1.tlog
D:\Users\acer\Documents\Visual Studio 2010\Projects\AeroPanel\AeroPanel\Debug\rc.read.1.tlog
D:\Users\acer\Documents\Visual Studio 2010\Projects\AeroPanel\AeroPanel\Debug\rc.write.1.tlog
D:\USERS\ACER\DOCUMENTS\VISUAL STUDIO 2010\PROJECTS\AEROPANEL\AEROPANEL\DEBUG\STDAFX.OBJ
D:\Users\acer\Documents\Visual Studio 2010\Projects\AeroPanel\AeroPanel\Debug\vc100.idb
D:\USERS\ACER\DOCUMENTS\VISUAL STUDIO 2010\PROJECTS\AEROPANEL\AEROPANEL\DEBUG\VC100.PDB
D:\USERS\ACER\DOCUMENTS\VISUAL STUDIO 2010\PROJECTS\AEROPANEL\DEBUG\AEROPANEL.EXE
D:\USERS\ACER\DOCUMENTS\VISUAL STUDIO 2010\PROJECTS\AEROPANEL\DEBUG\AEROPANEL.ILK
D:\USERS\ACER\DOCUMENTS\VISUAL STUDIO 2010\PROJECTS\AEROPANEL\DEBUG\AEROPANEL.PDB
